# run test with python -m doctest -v ./tests/0-add_integer.txt

First import method to Test
>>> add_integer = __import__('0-add_integer').add_integer

SUCCESS CASES:
Test with int:
    >>> print(add_integer(4,7))
    11
    >>> print(add_integer(4,-4))
    0
    >>> print(add_integer(-4,0))
    -4

Test with float:
    >>> print(add_integer(4.4, 4.5))
    8
    >>> print(add_integer(4, 8.9))
    12
    >>> print(add_integer(4, -3.8))
    1

Test with default b=98:
    >>> print(add_integer(4))
    102

FAIL CASES:
Test no arg:
    >>> print(add_integer())
    Traceback (most recent call last):
    ...
    TypeError: add_integer() missing 1 required positional argument: 'a'

Test wrong type:
    >>> print(add_integer("1", 4))
    Traceback (most recent call last):
    ...
    TypeError: a must be an integer
    >>> print(add_integer(1, "4"))
    Traceback (most recent call last):
    ...
    TypeError: b must be an integer

Test extra arg:
    >>> print(add_integer(1, 3, 4))
    Traceback (most recent call last):
    ...
    TypeError: add_integer() takes from 1 to 2 positional arguments but 3 were given

Test float("inf") and float("-inf") :
     >>> print(add_integer(float("inf")))
     Traceback (most recent call last):
     ...
     OverflowError: cannot convert float infinity to integer
     >>> print(add_integer(float("-inf")))
     Traceback (most recent call last):
     ...
     OverflowError: cannot convert float infinity to integer

Test special float NaN in Python (not a number):
     >>> print(add_integer(float("NaN")))
     Traceback (most recent call last):
     ...
     ValueError: cannot convert float NaN to integer
